#
# There is insufficient memory for the Java Runtime Environment to continue.
# Native memory allocation (malloc) failed to allocate 32744 bytes for ChunkPool::allocate
# Possible reasons:
#   The system is out of physical RAM or swap space
#   The process is running with CompressedOops enabled, and the Java Heap may be blocking the growth of the native heap
# Possible solutions:
#   Reduce memory load on the system
#   Increase physical memory or swap space
#   Check if swap backing store is full
#   Decrease Java heap size (-Xmx/-Xms)
#   Decrease number of Java threads
#   Decrease Java thread stack sizes (-Xss)
#   Set larger code cache with -XX:ReservedCodeCacheSize=
#   JVM is running with Unscaled Compressed Oops mode in which the Java heap is
#     placed in the first 4GB address space. The Java Heap base address is the
#     maximum limit for the native heap growth. Please use -XX:HeapBaseMinAddress
#     to set the Java Heap base and to place the Java Heap above 4GB virtual address.
# This output file may be truncated or incomplete.
#
#  Out of Memory Error (./src/hotspot/share/memory/arena.cpp:81), pid=37416, tid=968
#
# JRE version: OpenJDK Runtime Environment (11.0.11+9) (build 11.0.11+9-b60-7590822)
# Java VM: OpenJDK 64-Bit Server VM (11.0.11+9-b60-7590822, mixed mode, tiered, compressed oops, g1 gc, windows-amd64)
# No core dump will be written. Minidumps are not enabled by default on client versions of Windows
#

---------------  S U M M A R Y ------------

Command Line: --add-opens=java.base/java.util=ALL-UNNAMED --add-opens=java.base/java.lang=ALL-UNNAMED --add-opens=java.base/java.lang.invoke=ALL-UNNAMED --add-opens=java.base/java.util=ALL-UNNAMED --add-opens=java.prefs/java.util.prefs=ALL-UNNAMED --add-opens=java.prefs/java.util.prefs=ALL-UNNAMED --add-opens=java.base/java.nio.charset=ALL-UNNAMED --add-opens=java.base/java.net=ALL-UNNAMED --add-opens=java.base/java.util.concurrent.atomic=ALL-UNNAMED -Xmx2048m -Dfile.encoding=UTF-8 -Duser.country=RU -Duser.language=ru -Duser.variant org.gradle.launcher.daemon.bootstrap.GradleDaemon 7.2

Host: Intel(R) Core(TM) i7-8565U CPU @ 1.80GHz, 8 cores, 15G,  Windows 10 , 64 bit Build 19041 (10.0.19041.1706)
Time: Mon Jun 13 21:53:48 2022 RTZ 2 (зима) elapsed time: 42.612141 seconds (0d 0h 0m 42s)

---------------  T H R E A D  ---------------

Current thread (0x000001c750642800):  JavaThread "C2 CompilerThread0" daemon [_thread_in_native, id=968, stack(0x000000b44c000000,0x000000b44c100000)]


Current CompileTask:
C2:  42614 2353   !   4       java.net.URL::<init> (543 bytes)

Stack: [0x000000b44c000000,0x000000b44c100000]
Native frames: (J=compiled Java code, j=interpreted, Vv=VM code, C=native code)
V  [jvm.dll+0x5f214a]
V  [jvm.dll+0x726fb5]
V  [jvm.dll+0x7285cd]
V  [jvm.dll+0x728c83]
V  [jvm.dll+0x243278]
V  [jvm.dll+0xbc78b]
V  [jvm.dll+0xbca3c]
V  [jvm.dll+0xbc638]
V  [jvm.dll+0x5d1557]
V  [jvm.dll+0x4fa664]
V  [jvm.dll+0x4f6950]
V  [jvm.dll+0x4f7931]
V  [jvm.dll+0x4f879a]
V  [jvm.dll+0x4f8686]
V  [jvm.dll+0x4f7c1f]
V  [jvm.dll+0x4f7be6]
V  [jvm.dll+0x4f7c33]
V  [jvm.dll+0x4f7c33]
V  [jvm.dll+0x4f7c33]
V  [jvm.dll+0x5089e6]
V  [jvm.dll+0x1fd826]
V  [jvm.dll+0x1fb35f]
V  [jvm.dll+0x183d6c]
V  [jvm.dll+0x209a57]
V  [jvm.dll+0x2082a1]
V  [jvm.dll+0x6ef58f]
V  [jvm.dll+0x6e80b5]
V  [jvm.dll+0x5f1036]
C  [ucrtbase.dll+0x21bb2]
C  [KERNEL32.DLL+0x17034]
C  [ntdll.dll+0x52651]


---------------  P R O C E S S  ---------------

Threads class SMR info:
_java_thread_list=0x000001c753235b20, length=29, elements={
0x000001c735919800, 0x000001c750616000, 0x000001c750621800, 0x000001c75063b000,
0x000001c75063c800, 0x000001c75063f800, 0x000001c750642800, 0x000001c750691800,
0x000001c7506bb000, 0x000001c750822000, 0x000001c751ac0800, 0x000001c751d21800,
0x000001c75251a800, 0x000001c751693000, 0x000001c751845800, 0x000001c751edb800,
0x000001c751839800, 0x000001c751870800, 0x000001c751cf1800, 0x000001c75199f800,
0x000001c7519a0800, 0x000001c75199a800, 0x000001c75199d000, 0x000001c75199e000,
0x000001c75199e800, 0x000001c7519a1000, 0x000001c75199b800, 0x000001c75199c000,
0x000001c753403000
}

Java Threads: ( => current thread )
  0x000001c735919800 JavaThread "main" [_thread_blocked, id=2016, stack(0x000000b44b400000,0x000000b44b500000)]
  0x000001c750616000 JavaThread "Reference Handler" daemon [_thread_blocked, id=16144, stack(0x000000b44bb00000,0x000000b44bc00000)]
  0x000001c750621800 JavaThread "Finalizer" daemon [_thread_blocked, id=6460, stack(0x000000b44bc00000,0x000000b44bd00000)]
  0x000001c75063b000 JavaThread "Signal Dispatcher" daemon [_thread_blocked, id=35028, stack(0x000000b44bd00000,0x000000b44be00000)]
  0x000001c75063c800 JavaThread "Attach Listener" daemon [_thread_blocked, id=31468, stack(0x000000b44be00000,0x000000b44bf00000)]
  0x000001c75063f800 JavaThread "Service Thread" daemon [_thread_blocked, id=43356, stack(0x000000b44bf00000,0x000000b44c000000)]
=>0x000001c750642800 JavaThread "C2 CompilerThread0" daemon [_thread_in_native, id=968, stack(0x000000b44c000000,0x000000b44c100000)]
  0x000001c750691800 JavaThread "C1 CompilerThread0" daemon [_thread_in_native, id=44236, stack(0x000000b44c100000,0x000000b44c200000)]
  0x000001c7506bb000 JavaThread "Sweeper thread" daemon [_thread_blocked, id=38728, stack(0x000000b44c200000,0x000000b44c300000)]
  0x000001c750822000 JavaThread "Common-Cleaner" daemon [_thread_blocked, id=31536, stack(0x000000b44c300000,0x000000b44c400000)]
  0x000001c751ac0800 JavaThread "Daemon health stats" [_thread_blocked, id=37504, stack(0x000000b44ca00000,0x000000b44cb00000)]
  0x000001c751d21800 JavaThread "Incoming local TCP Connector on port 63071" [_thread_in_native, id=38192, stack(0x000000b44cb00000,0x000000b44cc00000)]
  0x000001c75251a800 JavaThread "Daemon periodic checks" [_thread_blocked, id=34244, stack(0x000000b44cc00000,0x000000b44cd00000)]
  0x000001c751693000 JavaThread "Daemon" [_thread_blocked, id=40312, stack(0x000000b44cd00000,0x000000b44ce00000)]
  0x000001c751845800 JavaThread "Handler for socket connection from /127.0.0.1:63071 to /127.0.0.1:63072" [_thread_in_native, id=34376, stack(0x000000b44ce00000,0x000000b44cf00000)]
  0x000001c751edb800 JavaThread "Cancel handler" [_thread_blocked, id=29372, stack(0x000000b44cf00000,0x000000b44d000000)]
  0x000001c751839800 JavaThread "Daemon worker" [_thread_in_Java, id=37440, stack(0x000000b44d000000,0x000000b44d100000)]
  0x000001c751870800 JavaThread "Asynchronous log dispatcher for DefaultDaemonConnection: socket connection from /127.0.0.1:63071 to /127.0.0.1:63072" [_thread_blocked, id=38876, stack(0x000000b44d100000,0x000000b44d200000)]
  0x000001c751cf1800 JavaThread "Stdin handler" [_thread_blocked, id=41632, stack(0x000000b44d200000,0x000000b44d300000)]
  0x000001c75199f800 JavaThread "Daemon client event forwarder" [_thread_blocked, id=31712, stack(0x000000b44d500000,0x000000b44d600000)]
  0x000001c7519a0800 JavaThread "Cache worker for journal cache (C:\Users\User\.gradle\caches\journal-1)" [_thread_blocked, id=41240, stack(0x000000b44d600000,0x000000b44d700000)]
  0x000001c75199a800 JavaThread "File lock request listener" [_thread_in_native, id=13240, stack(0x000000b44d700000,0x000000b44d800000)]
  0x000001c75199d000 JavaThread "Cache worker for file hash cache (C:\Users\User\.gradle\caches\7.2\fileHashes)" [_thread_blocked, id=21412, stack(0x000000b44d800000,0x000000b44d900000)]
  0x000001c75199e000 JavaThread "Cache worker for file hash cache (C:\Users\User\AndroidStudioProjects\TicTacToe\.gradle\7.2\fileHashes)" [_thread_blocked, id=24588, stack(0x000000b44da00000,0x000000b44db00000)]
  0x000001c75199e800 JavaThread "File watcher server" daemon [_thread_in_native, id=35676, stack(0x000000b44db00000,0x000000b44dc00000)]
  0x000001c7519a1000 JavaThread "File watcher consumer" daemon [_thread_blocked, id=43876, stack(0x000000b44dc00000,0x000000b44dd00000)]
  0x000001c75199b800 JavaThread "Cache worker for checksums cache (C:\Users\User\AndroidStudioProjects\TicTacToe\.gradle\checksums)" [_thread_blocked, id=35412, stack(0x000000b44dd00000,0x000000b44de00000)]
  0x000001c75199c000 JavaThread "Cache worker for cache directory md-supplier (C:\Users\User\.gradle\caches\7.2\md-supplier)" [_thread_blocked, id=16460, stack(0x000000b44de00000,0x000000b44df00000)]
  0x000001c753403000 JavaThread "Cache worker for cache directory md-rule (C:\Users\User\.gradle\caches\7.2\md-rule)" [_thread_blocked, id=20532, stack(0x000000b44df00000,0x000000b44e000000)]

Other Threads:
  0x000001c74fddb000 VMThread "VM Thread" [stack: 0x000000b44ba00000,0x000000b44bb00000] [id=4636]
  0x000001c75084b000 WatcherThread [stack: 0x000000b44c400000,0x000000b44c500000] [id=18208]
  0x000001c73592e000 GCTaskThread "GC Thread#0" [stack: 0x000000b44b500000,0x000000b44b600000] [id=44596]
  0x000001c7517a6800 GCTaskThread "GC Thread#1" [stack: 0x000000b44c500000,0x000000b44c600000] [id=31216]
  0x000001c7513e4800 GCTaskThread "GC Thread#2" [stack: 0x000000b44c600000,0x000000b44c700000] [id=18456]
  0x000001c7513e6800 GCTaskThread "GC Thread#3" [stack: 0x000000b44c700000,0x000000b44c800000] [id=28936]
  0x000001c7513e7800 GCTaskThread "GC Thread#4" [stack: 0x000000b44c800000,0x000000b44c900000] [id=600]
  0x000001c7513e3000 GCTaskThread "GC Thread#5" [stack: 0x000000b44c900000,0x000000b44ca00000] [id=20960]
  0x000001c7513e4000 GCTaskThread "GC Thread#6" [stack: 0x000000b44d300000,0x000000b44d400000] [id=35936]
  0x000001c7513e8000 GCTaskThread "GC Thread#7" [stack: 0x000000b44d400000,0x000000b44d500000] [id=33252]
  0x000001c735960000 ConcurrentGCThread "G1 Main Marker" [stack: 0x000000b44b600000,0x000000b44b700000] [id=20304]
  0x000001c735961000 ConcurrentGCThread "G1 Conc#0" [stack: 0x000000b44b700000,0x000000b44b800000] [id=9372]
  0x000001c7513e9000 ConcurrentGCThread "G1 Conc#1" [stack: 0x000000b44d900000,0x000000b44da00000] [id=38424]
  0x000001c74fc60800 ConcurrentGCThread "G1 Refine#0" [stack: 0x000000b44b800000,0x000000b44b900000] [id=24984]
  0x000001c74fc61800 ConcurrentGCThread "G1 Young RemSet Sampling" [stack: 0x000000b44b900000,0x000000b44ba00000] [id=31976]

Threads with active compile tasks:
C2 CompilerThread0  42962 2353   !   4       java.net.URL::<init> (543 bytes)
C1 CompilerThread0  42963 2384       3       org.gradle.internal.instantiation.generator.AbstractClassGenerator$InjectionAnnotationValidator::validateMethod (502 bytes)

VM state:not at safepoint (normal execution)

VM Mutex/Monitor currently owned by a thread: None

Heap address: 0x0000000080000000, size: 2048 MB, Compressed Oops mode: 32-bit
Narrow klass base: 0x0000000000000000, Narrow klass shift: 3
Compressed class space size: 1073741824 Address: 0x0000000100000000

Heap:
 garbage-first heap   total 260096K, used 99770K [0x0000000080000000, 0x0000000100000000)
  region size 1024K, 84 young (86016K), 2 survivors (2048K)
 Metaspace       used 28582K, capacity 29203K, committed 29360K, reserved 1075200K
  class space    used 3816K, capacity 4029K, committed 4096K, reserved 1048576K
Heap Regions: E=young(eden), S=young(survivor), O=old, HS=humongous(starts), HC=humongous(continues), CS=collection set, F=free, A=archive, TAMS=top-at-mark-start (previous, next)
|   0|0x0000000080000000, 0x0000000080100000, 0x0000000080100000|100%| O|  |TAMS 0x0000000080100000, 0x0000000080000000| Untracked 
|   1|0x0000000080100000, 0x0000000080200000, 0x0000000080200000|100%| O|  |TAMS 0x0000000080200000, 0x0000000080100000| Untracked 
|   2|0x0000000080200000, 0x0000000080300000, 0x0000000080300000|100%| O|  |TAMS 0x0000000080300000, 0x0000000080200000| Untracked 
|   3|0x0000000080300000, 0x0000000080400000, 0x0000000080400000|100%|HS|  |TAMS 0x0000000080400000, 0x0000000080300000| Complete 
|   4|0x0000000080400000, 0x0000000080500000, 0x0000000080500000|100%|HC|  |TAMS 0x0000000080500000, 0x0000000080400000| Complete 
|   5|0x0000000080500000, 0x0000000080600000, 0x0000000080600000|100%|HC|  |TAMS 0x0000000080600000, 0x0000000080500000| Complete 
|   6|0x0000000080600000, 0x0000000080700000, 0x0000000080700000|100%| O|  |TAMS 0x0000000080700000, 0x0000000080600000| Untracked 
|   7|0x0000000080700000, 0x0000000080800000, 0x0000000080800000|100%| O|  |TAMS 0x0000000080800000, 0x0000000080700000| Untracked 
|   8|0x0000000080800000, 0x0000000080900000, 0x0000000080900000|100%| O|  |TAMS 0x0000000080900000, 0x0000000080800000| Untracked 
|   9|0x0000000080900000, 0x0000000080a00000, 0x0000000080a00000|100%| O|  |TAMS 0x0000000080a00000, 0x0000000080900000| Untracked 
|  10|0x0000000080a00000, 0x0000000080b00000, 0x0000000080b00000|100%| O|  |TAMS 0x0000000080b00000, 0x0000000080a00000| Untracked 
|  11|0x0000000080b00000, 0x0000000080c00000, 0x0000000080c00000|100%| O|  |TAMS 0x0000000080c00000, 0x0000000080b00000| Untracked 
|  12|0x0000000080c00000, 0x0000000080d00000, 0x0000000080d00000|100%| O|  |TAMS 0x0000000080d00000, 0x0000000080c00000| Untracked 
|  13|0x0000000080d00000, 0x0000000080e00000, 0x0000000080e00000|100%| O|  |TAMS 0x0000000080e00000, 0x0000000080d00000| Untracked 
|  14|0x0000000080e00000, 0x0000000080f00000, 0x0000000080f00000|100%| O|  |TAMS 0x0000000080f00000, 0x0000000080e00000| Untracked 
|  15|0x0000000080f00000, 0x0000000080f01c00, 0x0000000081000000|  0%| O|  |TAMS 0x0000000080f01c00, 0x0000000080f00000| Untracked 
|  16|0x0000000081000000, 0x0000000081000000, 0x0000000081100000|  0%| F|  |TAMS 0x0000000081000000, 0x0000000081000000| Untracked 
|  17|0x0000000081100000, 0x0000000081100000, 0x0000000081200000|  0%| F|  |TAMS 0x0000000081100000, 0x0000000081100000| Untracked 
|  18|0x0000000081200000, 0x0000000081200000, 0x0000000081300000|  0%| F|  |TAMS 0x0000000081200000, 0x0000000081200000| Untracked 
|  19|0x0000000081300000, 0x0000000081300000, 0x0000000081400000|  0%| F|  |TAMS 0x0000000081300000, 0x0000000081300000| Untracked 
|  20|0x0000000081400000, 0x0000000081400000, 0x0000000081500000|  0%| F|  |TAMS 0x0000000081400000, 0x0000000081400000| Untracked 
|  21|0x0000000081500000, 0x0000000081500000, 0x0000000081600000|  0%| F|  |TAMS 0x0000000081500000, 0x0000000081500000| Untracked 
|  22|0x0000000081600000, 0x0000000081600000, 0x0000000081700000|  0%| F|  |TAMS 0x0000000081600000, 0x0000000081600000| Untracked 
|  23|0x0000000081700000, 0x0000000081700000, 0x0000000081800000|  0%| F|  |TAMS 0x0000000081700000, 0x0000000081700000| Untracked 
|  24|0x0000000081800000, 0x0000000081800000, 0x0000000081900000|  0%| F|  |TAMS 0x0000000081800000, 0x0000000081800000| Untracked 
|  25|0x0000000081900000, 0x0000000081900000, 0x0000000081a00000|  0%| F|  |TAMS 0x0000000081900000, 0x0000000081900000| Untracked 
|  26|0x0000000081a00000, 0x0000000081a00000, 0x0000000081b00000|  0%| F|  |TAMS 0x0000000081a00000, 0x0000000081a00000| Untracked 
|  27|0x0000000081b00000, 0x0000000081b00000, 0x0000000081c00000|  0%| F|  |TAMS 0x0000000081b00000, 0x0000000081b00000| Untracked 
|  28|0x0000000081c00000, 0x0000000081c00000, 0x0000000081d00000|  0%| F|  |TAMS 0x0000000081c00000, 0x0000000081c00000| Untracked 
|  29|0x0000000081d00000, 0x0000000081d00000, 0x0000000081e00000|  0%| F|  |TAMS 0x0000000081d00000, 0x0000000081d00000| Untracked 
|  30|0x0000000081e00000, 0x0000000081e00000, 0x0000000081f00000|  0%| F|  |TAMS 0x0000000081e00000, 0x0000000081e00000| Untracked 
|  31|0x0000000081f00000, 0x0000000081f00000, 0x0000000082000000|  0%| F|  |TAMS 0x0000000081f00000, 0x0000000081f00000| Untracked 
|  32|0x0000000082000000, 0x0000000082000000, 0x0000000082100000|  0%| F|  |TAMS 0x0000000082000000, 0x0000000082000000| Untracked 
|  33|0x0000000082100000, 0x0000000082100000, 0x0000000082200000|  0%| F|  |TAMS 0x0000000082100000, 0x0000000082100000| Untracked 
|  34|0x0000000082200000, 0x0000000082200000, 0x0000000082300000|  0%| F|  |TAMS 0x0000000082200000, 0x0000000082200000| Untracked 
|  35|0x0000000082300000, 0x0000000082300000, 0x0000000082400000|  0%| F|  |TAMS 0x0000000082300000, 0x0000000082300000| Untracked 
|  36|0x0000000082400000, 0x0000000082400000, 0x0000000082500000|  0%| F|  |TAMS 0x0000000082400000, 0x0000000082400000| Untracked 
|  37|0x0000000082500000, 0x0000000082500000, 0x0000000082600000|  0%| F|  |TAMS 0x0000000082500000, 0x0000000082500000| Untracked 
|  38|0x0000000082600000, 0x0000000082600000, 0x0000000082700000|  0%| F|  |TAMS 0x0000000082600000, 0x0000000082600000| Untracked 
|  39|0x0000000082700000, 0x0000000082700000, 0x0000000082800000|  0%| F|  |TAMS 0x0000000082700000, 0x0000000082700000| Untracked 
|  40|0x0000000082800000, 0x0000000082800000, 0x0000000082900000|  0%| F|  |TAMS 0x0000000082800000, 0x0000000082800000| Untracked 
|  41|0x0000000082900000, 0x0000000082900000, 0x0000000082a00000|  0%| F|  |TAMS 0x0000000082900000, 0x0000000082900000| Untracked 
|  42|0x0000000082a00000, 0x0000000082a00000, 0x0000000082b00000|  0%| F|  |TAMS 0x0000000082a00000, 0x0000000082a00000| Untracked 
|  43|0x0000000082b00000, 0x0000000082b00000, 0x0000000082c00000|  0%| F|  |TAMS 0x0000000082b00000, 0x0000000082b00000| Untracked 
|  44|0x0000000082c00000, 0x0000000082c00000, 0x0000000082d00000|  0%| F|  |TAMS 0x0000000082c00000, 0x0000000082c00000| Untracked 
|  45|0x0000000082d00000, 0x0000000082d00000, 0x0000000082e00000|  0%| F|  |TAMS 0x0000000082d00000, 0x0000000082d00000| Untracked 
|  46|0x0000000082e00000, 0x0000000082e00000, 0x0000000082f00000|  0%| F|  |TAMS 0x0000000082e00000, 0x0000000082e00000| Untracked 
|  47|0x0000000082f00000, 0x0000000082f00000, 0x0000000083000000|  0%| F|  |TAMS 0x0000000082f00000, 0x0000000082f00000| Untracked 
|  48|0x0000000083000000, 0x0000000083000000, 0x0000000083100000|  0%| F|  |TAMS 0x0000000083000000, 0x0000000083000000| Untracked 
|  49|0x0000000083100000, 0x0000000083100000, 0x0000000083200000|  0%| F|  |TAMS 0x0000000083100000, 0x0000000083100000| Untracked 
|  50|0x0000000083200000, 0x0000000083200000, 0x0000000083300000|  0%| F|  |TAMS 0x0000000083200000, 0x0000000083200000| Untracked 
|  51|0x0000000083300000, 0x0000000083300000, 0x0000000083400000|  0%| F|  |TAMS 0x0000000083300000, 0x0000000083300000| Untracked 
|  52|0x0000000083400000, 0x0000000083400000, 0x0000000083500000|  0%| F|  |TAMS 0x0000000083400000, 0x0000000083400000| Untracked 
|  53|0x0000000083500000, 0x0000000083500000, 0x0000000083600000|  0%| F|  |TAMS 0x0000000083500000, 0x0000000083500000| Untracked 
|  54|0x0000000083600000, 0x0000000083600000, 0x0000000083700000|  0%| F|  |TAMS 0x0000000083600000, 0x0000000083600000| Untracked 
|  55|0x0000000083700000, 0x0000000083700000, 0x0000000083800000|  0%| F|  |TAMS 0x0000000083700000, 0x0000000083700000| Untracked 
|  56|0x0000000083800000, 0x0000000083800000, 0x0000000083900000|  0%| F|  |TAMS 0x0000000083800000, 0x0000000083800000| Untracked 
|  57|0x0000000083900000, 0x0000000083900000, 0x0000000083a00000|  0%| F|  |TAMS 0x0000000083900000, 0x0000000083900000| Untracked 
|  58|0x0000000083a00000, 0x0000000083a00000, 0x0000000083b00000|  0%| F|  |TAMS 0x0000000083a00000, 0x0000000083a00000| Untracked 
|  59|0x0000000083b00000, 0x0000000083b00000, 0x0000000083c00000|  0%| F|  |TAMS 0x0000000083b00000, 0x0000000083b00000| Untracked 
|  60|0x0000000083c00000, 0x0000000083c00000, 0x0000000083d00000|  0%| F|  |TAMS 0x0000000083c00000, 0x0000000083c00000| Untracked 
|  61|0x0000000083d00000, 0x0000000083d00000, 0x0000000083e00000|  0%| F|  |TAMS 0x0000000083d00000, 0x0000000083d00000| Untracked 
|  62|0x0000000083e00000, 0x0000000083e00000, 0x0000000083f00000|  0%| F|  |TAMS 0x0000000083e00000, 0x0000000083e00000| Untracked 
|  63|0x0000000083f00000, 0x0000000083f00000, 0x0000000084000000|  0%| F|  |TAMS 0x0000000083f00000, 0x0000000083f00000| Untracked 
|  64|0x0000000084000000, 0x0000000084000000, 0x0000000084100000|  0%| F|  |TAMS 0x0000000084000000, 0x0000000084000000| Untracked 
|  65|0x0000000084100000, 0x0000000084100000, 0x0000000084200000|  0%| F|  |TAMS 0x0000000084100000, 0x0000000084100000| Untracked 
|  66|0x0000000084200000, 0x0000000084200000, 0x0000000084300000|  0%| F|  |TAMS 0x0000000084200000, 0x0000000084200000| Untracked 
|  67|0x0000000084300000, 0x0000000084300000, 0x0000000084400000|  0%| F|  |TAMS 0x0000000084300000, 0x0000000084300000| Untracked 
|  68|0x0000000084400000, 0x0000000084400000, 0x0000000084500000|  0%| F|  |TAMS 0x0000000084400000, 0x0000000084400000| Untracked 
|  69|0x0000000084500000, 0x0000000084500000, 0x0000000084600000|  0%| F|  |TAMS 0x0000000084500000, 0x0000000084500000| Untracked 
|  70|0x0000000084600000, 0x0000000084600000, 0x0000000084700000|  0%| F|  |TAMS 0x0000000084600000, 0x0000000084600000| Untracked 
|  71|0x0000000084700000, 0x0000000084700000, 0x0000000084800000|  0%| F|  |TAMS 0x0000000084700000, 0x0000000084700000| Untracked 
|  72|0x0000000084800000, 0x0000000084800000, 0x0000000084900000|  0%| F|  |TAMS 0x0000000084800000, 0x0000000084800000| Untracked 
|  73|0x0000000084900000, 0x0000000084900000, 0x0000000084a00000|  0%| F|  |TAMS 0x0000000084900000, 0x0000000084900000| Untracked 
|  74|0x0000000084a00000, 0x0000000084a00000, 0x0000000084b00000|  0%| F|  |TAMS 0x0000000084a00000, 0x0000000084a00000| Untracked 
|  75|0x0000000084b00000, 0x0000000084b00000, 0x0000000084c00000|  0%| F|  |TAMS 0x0000000084b00000, 0x0000000084b00000| Untracked 
|  76|0x0000000084c00000, 0x0000000084c00000, 0x0000000084d00000|  0%| F|  |TAMS 0x0000000084c00000, 0x0000000084c00000| Untracked 
|  77|0x0000000084d00000, 0x0000000084d00000, 0x0000000084e00000|  0%| F|  |TAMS 0x0000000084d00000, 0x0000000084d00000| Untracked 
|  78|0x0000000084e00000, 0x0000000084e00000, 0x0000000084f00000|  0%| F|  |TAMS 0x0000000084e00000, 0x0000000084e00000| Untracked 
|  79|0x0000000084f00000, 0x0000000084f00000, 0x0000000085000000|  0%| F|  |TAMS 0x0000000084f00000, 0x0000000084f00000| Untracked 
|  80|0x0000000085000000, 0x0000000085000000, 0x0000000085100000|  0%| F|  |TAMS 0x0000000085000000, 0x0000000085000000| Untracked 
|  81|0x0000000085100000, 0x0000000085100000, 0x0000000085200000|  0%| F|  |TAMS 0x0000000085100000, 0x0000000085100000| Untracked 
|  82|0x0000000085200000, 0x0000000085200000, 0x0000000085300000|  0%| F|  |TAMS 0x0000000085200000, 0x0000000085200000| Untracked 
|  83|0x0000000085300000, 0x0000000085300000, 0x0000000085400000|  0%| F|  |TAMS 0x0000000085300000, 0x0000000085300000| Untracked 
|  84|0x0000000085400000, 0x0000000085400000, 0x0000000085500000|  0%| F|  |TAMS 0x0000000085400000, 0x0000000085400000| Untracked 
|  85|0x0000000085500000, 0x0000000085500000, 0x0000000085600000|  0%| F|  |TAMS 0x0000000085500000, 0x0000000085500000| Untracked 
|  86|0x0000000085600000, 0x0000000085600000, 0x0000000085700000|  0%| F|  |TAMS 0x0000000085600000, 0x0000000085600000| Untracked 
|  87|0x0000000085700000, 0x0000000085700000, 0x0000000085800000|  0%| F|  |TAMS 0x0000000085700000, 0x0000000085700000| Untracked 
|  88|0x0000000085800000, 0x0000000085800000, 0x0000000085900000|  0%| F|  |TAMS 0x0000000085800000, 0x0000000085800000| Untracked 
|  89|0x0000000085900000, 0x0000000085900000, 0x0000000085a00000|  0%| F|  |TAMS 0x0000000085900000, 0x0000000085900000| Untracked 
|  90|0x0000000085a00000, 0x0000000085a00000, 0x0000000085b00000|  0%| F|  |TAMS 0x0000000085a00000, 0x0000000085a00000| Untracked 
|  91|0x0000000085b00000, 0x0000000085b00000, 0x0000000085c00000|  0%| F|  |TAMS 0x0000000085b00000, 0x0000000085b00000| Untracked 
|  92|0x0000000085c00000, 0x0000000085c00000, 0x0000000085d00000|  0%| F|  |TAMS 0x0000000085c00000, 0x0000000085c00000| Untracked 
|  93|0x0000000085d00000, 0x0000000085d00000, 0x0000000085e00000|  0%| F|  |TAMS 0x0000000085d00000, 0x0000000085d00000| Untracked 
|  94|0x0000000085e00000, 0x0000000085e00000, 0x0000000085f00000|  0%| F|  |TAMS 0x0000000085e00000, 0x0000000085e00000| Untracked 
|  95|0x0000000085f00000, 0x0000000085f00000, 0x0000000086000000|  0%| F|  |TAMS 0x0000000085f00000, 0x0000000085f00000| Untracked 
|  96|0x0000000086000000, 0x0000000086000000, 0x0000000086100000|  0%| F|  |TAMS 0x0000000086000000, 0x0000000086000000| Untracked 
|  97|0x0000000086100000, 0x0000000086100000, 0x0000000086200000|  0%| F|  |TAMS 0x0000000086100000, 0x0000000086100000| Untracked 
|  98|0x0000000086200000, 0x0000000086200000, 0x0000000086300000|  0%| F|  |TAMS 0x0000000086200000, 0x0000000086200000| Untracked 
|  99|0x0000000086300000, 0x0000000086300000, 0x0000000086400000|  0%| F|  |TAMS 0x0000000086300000, 0x0000000086300000| Untracked 
| 100|0x0000000086400000, 0x0000000086400000, 0x0000000086500000|  0%| F|  |TAMS 0x0000000086400000, 0x0000000086400000| Untracked 
| 101|0x0000000086500000, 0x0000000086500000, 0x0000000086600000|  0%| F|  |TAMS 0x0000000086500000, 0x0000000086500000| Untracked 
| 102|0x0000000086600000, 0x0000000086600000, 0x0000000086700000|  0%| F|  |TAMS 0x0000000086600000, 0x0000000086600000| Untracked 
| 103|0x0000000086700000, 0x0000000086700000, 0x0000000086800000|  0%| F|  |TAMS 0x0000000086700000, 0x0000000086700000| Untracked 
| 104|0x0000000086800000, 0x0000000086800000, 0x0000000086900000|  0%| F|  |TAMS 0x0000000086800000, 0x0000000086800000| Untracked 
| 105|0x0000000086900000, 0x0000000086900000, 0x0000000086a00000|  0%| F|  |TAMS 0x0000000086900000, 0x0000000086900000| Untracked 
| 106|0x0000000086a00000, 0x0000000086a00000, 0x0000000086b00000|  0%| F|  |TAMS 0x0000000086a00000, 0x0000000086a00000| Untracked 
| 107|0x0000000086b00000, 0x0000000086b00000, 0x0000000086c00000|  0%| F|  |TAMS 0x0000000086b00000, 0x0000000086b00000| Untracked 
| 108|0x0000000086c00000, 0x0000000086c00000, 0x0000000086d00000|  0%| F|  |TAMS 0x0000000086c00000, 0x0000000086c00000| Untracked 
| 109|0x0000000086d00000, 0x0000000086d00000, 0x0000000086e00000|  0%| F|  |TAMS 0x0000000086d00000, 0x0000000086d00000| Untracked 
| 110|0x0000000086e00000, 0x0000000086e00000, 0x0000000086f00000|  0%| F|  |TAMS 0x0000000086e00000, 0x0000000086e00000| Untracked 
| 111|0x0000000086f00000, 0x0000000086f00000, 0x0000000087000000|  0%| F|  |TAMS 0x0000000086f00000, 0x0000000086f00000| Untracked 
| 112|0x0000000087000000, 0x0000000087000000, 0x0000000087100000|  0%| F|  |TAMS 0x0000000087000000, 0x0000000087000000| Untracked 
| 113|0x0000000087100000, 0x0000000087100000, 0x0000000087200000|  0%| F|  |TAMS 0x0000000087100000, 0x0000000087100000| Untracked 
| 114|0x0000000087200000, 0x0000000087200000, 0x0000000087300000|  0%| F|  |TAMS 0x0000000087200000, 0x0000000087200000| Untracked 
| 115|0x0000000087300000, 0x0000000087300000, 0x0000000087400000|  0%| F|  |TAMS 0x0000000087300000, 0x0000000087300000| Untracked 
| 116|0x0000000087400000, 0x0000000087400000, 0x0000000087500000|  0%| F|  |TAMS 0x0000000087400000, 0x0000000087400000| Untracked 
| 117|0x0000000087500000, 0x0000000087500000, 0x0000000087600000|  0%| F|  |TAMS 0x0000000087500000, 0x0000000087500000| Untracked 
| 118|0x0000000087600000, 0x0000000087600000, 0x0000000087700000|  0%| F|  |TAMS 0x0000000087600000, 0x0000000087600000| Untracked 
| 119|0x0000000087700000, 0x0000000087700000, 0x0000000087800000|  0%| F|  |TAMS 0x0000000087700000, 0x0000000087700000| Untracked 
| 120|0x0000000087800000, 0x0000000087800000, 0x0000000087900000|  0%| F|  |TAMS 0x0000000087800000, 0x0000000087800000| Untracked 
| 121|0x0000000087900000, 0x0000000087900000, 0x0000000087a00000|  0%| F|  |TAMS 0x0000000087900000, 0x0000000087900000| Untracked 
| 122|0x0000000087a00000, 0x0000000087a00000, 0x0000000087b00000|  0%| F|  |TAMS 0x0000000087a00000, 0x0000000087a00000| Untracked 
| 123|0x0000000087b00000, 0x0000000087b00000, 0x0000000087c00000|  0%| F|  |TAMS 0x0000000087b00000, 0x0000000087b00000| Untracked 
| 124|0x0000000087c00000, 0x0000000087c00000, 0x0000000087d00000|  0%| F|  |TAMS 0x0000000087c00000, 0x0000000087c00000| Untracked 
| 125|0x0000000087d00000, 0x0000000087d00000, 0x0000000087e00000|  0%| F|  |TAMS 0x0000000087d00000, 0x0000000087d00000| Untracked 
| 126|0x0000000087e00000, 0x0000000087e00000, 0x0000000087f00000|  0%| F|  |TAMS 0x0000000087e00000, 0x0000000087e00000| Untracked 
| 127|0x0000000087f00000, 0x0000000087f00000, 0x0000000088000000|  0%| F|  |TAMS 0x0000000087f00000, 0x0000000087f00000| Untracked 
| 128|0x0000000088000000, 0x0000000088000000, 0x0000000088100000|  0%| F|  |TAMS 0x0000000088000000, 0x0000000088000000| Untracked 
| 129|0x0000000088100000, 0x0000000088100000, 0x0000000088200000|  0%| F|  |TAMS 0x0000000088100000, 0x0000000088100000| Untracked 
| 130|0x0000000088200000, 0x0000000088200000, 0x0000000088300000|  0%| F|  |TAMS 0x0000000088200000, 0x0000000088200000| Untracked 
| 131|0x0000000088300000, 0x0000000088300000, 0x0000000088400000|  0%| F|  |TAMS 0x0000000088300000, 0x0000000088300000| Untracked 
| 132|0x0000000088400000, 0x0000000088400000, 0x0000000088500000|  0%| F|  |TAMS 0x0000000088400000, 0x0000000088400000| Untracked 
| 133|0x0000000088500000, 0x0000000088500000, 0x0000000088600000|  0%| F|  |TAMS 0x0000000088500000, 0x0000000088500000| Untracked 
| 134|0x0000000088600000, 0x0000000088600000, 0x0000000088700000|  0%| F|  |TAMS 0x0000000088600000, 0x0000000088600000| Untracked 
| 135|0x0000000088700000, 0x0000000088700000, 0x0000000088800000|  0%| F|  |TAMS 0x0000000088700000, 0x0000000088700000| Untracked 
| 136|0x0000000088800000, 0x0000000088800000, 0x0000000088900000|  0%| F|  |TAMS 0x0000000088800000, 0x0000000088800000| Untracked 
| 137|0x0000000088900000, 0x0000000088900000, 0x0000000088a00000|  0%| F|  |TAMS 0x0000000088900000, 0x0000000088900000| Untracked 
| 138|0x0000000088a00000, 0x0000000088a00000, 0x0000000088b00000|  0%| F|  |TAMS 0x0000000088a00000, 0x0000000088a00000| Untracked 
| 139|0x0000000088b00000, 0x0000000088b00000, 0x0000000088c00000|  0%| F|  |TAMS 0x0000000088b00000, 0x0000000088b00000| Untracked 
| 140|0x0000000088c00000, 0x0000000088c00000, 0x0000000088d00000|  0%| F|  |TAMS 0x0000000088c00000, 0x0000000088c00000| Untracked 
| 141|0x0000000088d00000, 0x0000000088d00000, 0x0000000088e00000|  0%| F|  |TAMS 0x0000000088d00000, 0x0000000088d00000| Untracked 
| 142|0x0000000088e00000, 0x0000000088e00000, 0x0000000088f00000|  0%| F|  |TAMS 0x0000000088e00000, 0x0000000088e00000| Untracked 
| 143|0x0000000088f00000, 0x0000000088f00000, 0x0000000089000000|  0%| F|  |TAMS 0x0000000088f00000, 0x0000000088f00000| Untracked 
| 144|0x0000000089000000, 0x0000000089000000, 0x0000000089100000|  0%| F|  |TAMS 0x0000000089000000, 0x0000000089000000| Untracked 
| 145|0x0000000089100000, 0x0000000089100000, 0x0000000089200000|  0%| F|  |TAMS 0x0000000089100000, 0x0000000089100000| Untracked 
| 146|0x0000000089200000, 0x0000000089200000, 0x0000000089300000|  0%| F|  |TAMS 0x0000000089200000, 0x0000000089200000| Untracked 
| 147|0x0000000089300000, 0x0000000089300000, 0x0000000089400000|  0%| F|  |TAMS 0x0000000089300000, 0x0000000089300000| Untracked 
| 148|0x0000000089400000, 0x0000000089400000, 0x0000000089500000|  0%| F|  |TAMS 0x0000000089400000, 0x0000000089400000| Untracked 
| 149|0x0000000089500000, 0x0000000089500000, 0x0000000089600000|  0%| F|  |TAMS 0x0000000089500000, 0x0000000089500000| Untracked 
| 150|0x0000000089600000, 0x0000000089600000, 0x0000000089700000|  0%| F|  |TAMS 0x0000000089600000, 0x0000000089600000| Untracked 
| 151|0x0000000089700000, 0x0000000089700000, 0x0000000089800000|  0%| F|  |TAMS 0x0000000089700000, 0x0000000089700000| Untracked 
| 152|0x0000000089800000, 0x0000000089800000, 0x0000000089900000|  0%| F|  |TAMS 0x0000000089800000, 0x0000000089800000| Untracked 
| 153|0x0000000089900000, 0x0000000089900000, 0x0000000089a00000|  0%| F|  |TAMS 0x0000000089900000, 0x0000000089900000| Untracked 
| 154|0x0000000089a00000, 0x0000000089a00000, 0x0000000089b00000|  0%| F|  |TAMS 0x0000000089a00000, 0x0000000089a00000| Untracked 
| 155|0x0000000089b00000, 0x0000000089b00000, 0x0000000089c00000|  0%| F|  |TAMS 0x0000000089b00000, 0x0000000089b00000| Untracked 
| 156|0x0000000089c00000, 0x0000000089c568a0, 0x0000000089d00000| 33%| S|CS|TAMS 0x0000000089c00000, 0x0000000089c00000| Complete 
| 157|0x0000000089d00000, 0x0000000089e00000, 0x0000000089e00000|100%| S|CS|TAMS 0x0000000089d00000, 0x0000000089d00000| Complete 
| 158|0x0000000089e00000, 0x0000000089f00000, 0x0000000089f00000|100%| S|CS|TAMS 0x0000000089e00000, 0x0000000089e00000| Complete 
| 159|0x0000000089f00000, 0x000000008a000000, 0x000000008a000000|100%| S|CS|TAMS 0x0000000089f00000, 0x0000000089f00000| Complete 
| 160|0x000000008a000000, 0x000000008a100000, 0x000000008a100000|100%| S|CS|TAMS 0x000000008a000000, 0x000000008a000000| Complete 
| 161|0x000000008a100000, 0x000000008a100000, 0x000000008a200000|  0%| F|  |TAMS 0x000000008a100000, 0x000000008a100000| Untracked 
| 162|0x000000008a200000, 0x000000008a200000, 0x000000008a300000|  0%| F|  |TAMS 0x000000008a200000, 0x000000008a200000| Untracked 
| 163|0x000000008a300000, 0x000000008a300000, 0x000000008a400000|  0%| F|  |TAMS 0x000000008a300000, 0x000000008a300000| Untracked 
| 164|0x000000008a400000, 0x000000008a400000, 0x000000008a500000|  0%| F|  |TAMS 0x000000008a400000, 0x000000008a400000| Untracked 
| 165|0x000000008a500000, 0x000000008a500000, 0x000000008a600000|  0%| F|  |TAMS 0x000000008a500000, 0x000000008a500000| Untracked 
| 166|0x000000008a600000, 0x000000008a600000, 0x000000008a700000|  0%| F|  |TAMS 0x000000008a600000, 0x000000008a600000| Untracked 
| 167|0x000000008a700000, 0x000000008a700000, 0x000000008a800000|  0%| F|  |TAMS 0x000000008a700000, 0x000000008a700000| Untracked 
| 168|0x000000008a800000, 0x000000008a800000, 0x000000008a900000|  0%| F|  |TAMS 0x000000008a800000, 0x000000008a800000| Untracked 
| 169|0x000000008a900000, 0x000000008a900000, 0x000000008aa00000|  0%| F|  |TAMS 0x000000008a900000, 0x000000008a900000| Untracked 
| 170|0x000000008aa00000, 0x000000008aa00000, 0x000000008ab00000|  0%| F|  |TAMS 0x000000008aa00000, 0x000000008aa00000| Untracked 
| 171|0x000000008ab00000, 0x000000008ab00000, 0x000000008ac00000|  0%| F|  |TAMS 0x000000008ab00000, 0x000000008ab00000| Untracked 
| 172|0x000000008ac00000, 0x000000008ac00000, 0x000000008ad00000|  0%| F|  |TAMS 0x000000008ac00000, 0x000000008ac00000| Untracked 
| 173|0x000000008ad00000, 0x000000008ad00000, 0x000000008ae00000|  0%| F|  |TAMS 0x000000008ad00000, 0x000000008ad00000| Untracked 
| 174|0x000000008ae00000, 0x000000008ae00000, 0x000000008af00000|  0%| F|  |TAMS 0x000000008ae00000, 0x000000008ae00000| Untracked 
| 175|0x000000008af00000, 0x000000008af00000, 0x000000008b000000|  0%| F|  |TAMS 0x000000008af00000, 0x000000008af00000| Untracked 
| 176|0x000000008b000000, 0x000000008b000000, 0x000000008b100000|  0%| F|  |TAMS 0x000000008b000000, 0x000000008b000000| Untracked 
| 177|0x000000008b100000, 0x000000008b100000, 0x000000008b200000|  0%| F|  |TAMS 0x000000008b100000, 0x000000008b100000| Untracked 
| 178|0x000000008b200000, 0x000000008b200000, 0x000000008b300000|  0%| F|  |TAMS 0x000000008b200000, 0x000000008b200000| Untracked 
| 179|0x000000008b300000, 0x000000008b300000, 0x000000008b400000|  0%| F|  |TAMS 0x000000008b300000, 0x000000008b300000| Untracked 
| 180|0x000000008b400000, 0x000000008b400000, 0x000000008b500000|  0%| F|  |TAMS 0x000000008b400000, 0x000000008b400000| Untracked 
| 181|0x000000008b500000, 0x000000008b500000, 0x000000008b600000|  0%| F|  |TAMS 0x000000008b500000, 0x000000008b500000| Untracked 
| 182|0x000000008b600000, 0x000000008b600000, 0x000000008b700000|  0%| F|  |TAMS 0x000000008b600000, 0x000000008b600000| Untracked 
| 183|0x000000008b700000, 0x000000008b700000, 0x000000008b800000|  0%| F|  |TAMS 0x000000008b700000, 0x000000008b700000| Untracked 
| 184|0x000000008b800000, 0x000000008b800000, 0x000000008b900000|  0%| F|  |TAMS 0x000000008b800000, 0x000000008b800000| Untracked 
| 185|0x000000008b900000, 0x000000008b900000, 0x000000008ba00000|  0%| F|  |TAMS 0x000000008b900000, 0x000000008b900000| Untracked 
| 186|0x000000008ba00000, 0x000000008ba00000, 0x000000008bb00000|  0%| F|  |TAMS 0x000000008ba00000, 0x000000008ba00000| Untracked 
| 187|0x000000008bb00000, 0x000000008bb00000, 0x000000008bc00000|  0%| F|  |TAMS 0x000000008bb00000, 0x000000008bb00000| Untracked 
| 188|0x000000008bc00000, 0x000000008bc00000, 0x000000008bd00000|  0%| F|  |TAMS 0x000000008bc00000, 0x000000008bc00000| Untracked 
| 189|0x000000008bd00000, 0x000000008bd00000, 0x000000008be00000|  0%| F|  |TAMS 0x000000008bd00000, 0x000000008bd00000| Untracked 
| 190|0x000000008be00000, 0x000000008be00000, 0x000000008bf00000|  0%| F|  |TAMS 0x000000008be00000, 0x000000008be00000| Untracked 
| 191|0x000000008bf00000, 0x000000008bf00000, 0x000000008c000000|  0%| F|  |TAMS 0x000000008bf00000, 0x000000008bf00000| Untracked 
| 192|0x000000008c000000, 0x000000008c000000, 0x000000008c100000|  0%| F|  |TAMS 0x000000008c000000, 0x000000008c000000| Untracked 
| 193|0x000000008c100000, 0x000000008c100000, 0x000000008c200000|  0%| F|  |TAMS 0x000000008c100000, 0x000000008c100000| Untracked 
| 194|0x000000008c200000, 0x000000008c200000, 0x000000008c300000|  0%| F|  |TAMS 0x000000008c200000, 0x000000008c200000| Untracked 
| 195|0x000000008c300000, 0x000000008c300000, 0x000000008c400000|  0%| F|  |TAMS 0x000000008c300000, 0x000000008c300000| Untracked 
| 196|0x000000008c400000, 0x000000008c400000, 0x000000008c500000|  0%| F|  |TAMS 0x000000008c400000, 0x000000008c400000| Untracked 
| 197|0x000000008c500000, 0x000000008c500000, 0x000000008c600000|  0%| F|  |TAMS 0x000000008c500000, 0x000000008c500000| Untracked 
| 198|0x000000008c600000, 0x000000008c600000, 0x000000008c700000|  0%| F|  |TAMS 0x000000008c600000, 0x000000008c600000| Untracked 
| 199|0x000000008c700000, 0x000000008c700000, 0x000000008c800000|  0%| F|  |TAMS 0x000000008c700000, 0x000000008c700000| Untracked 
| 200|0x000000008c800000, 0x000000008c800000, 0x000000008c900000|  0%| F|  |TAMS 0x000000008c800000, 0x000000008c800000| Untracked 
| 201|0x000000008c900000, 0x000000008c900000, 0x000000008ca00000|  0%| F|  |TAMS 0x000000008c900000, 0x000000008c900000| Untracked 
| 202|0x000000008ca00000, 0x000000008ca00000, 0x000000008cb00000|  0%| F|  |TAMS 0x000000008ca00000, 0x000000008ca00000| Untracked 
| 203|0x000000008cb00000, 0x000000008cb00000, 0x000000008cc00000|  0%| F|  |TAMS 0x000000008cb00000, 0x000000008cb00000| Untracked 
| 204|0x000000008cc00000, 0x000000008cc00000, 0x000000008cd00000|  0%| F|  |TAMS 0x000000008cc00000, 0x000000008cc00000| Untracked 
| 205|0x000000008cd00000, 0x000000008cd00000, 0x000000008ce00000|  0%| F|  |TAMS 0x000000008cd00000, 0x000000008cd00000| Untracked 
| 206|0x000000008ce00000, 0x000000008ce00000, 0x000000008cf00000|  0%| F|  |TAMS 0x000000008ce00000, 0x000000008ce00000| Untracked 
| 207|0x000000008cf00000, 0x000000008cf00000, 0x000000008d000000|  0%| F|  |TAMS 0x000000008cf00000, 0x000000008cf00000| Untracked 
| 208|0x000000008d000000, 0x000000008d000000, 0x000000008d100000|  0%| F|  |TAMS 0x000000008d000000, 0x000000008d000000| Untracked 
| 209|0x000000008d100000, 0x000000008d100000, 0x000000008d200000|  0%| F|  |TAMS 0x000000008d100000, 0x000000008d100000| Untracked 
| 210|0x000000008d200000, 0x000000008d200000, 0x000000008d300000|  0%| F|  |TAMS 0x000000008d200000, 0x000000008d200000| Untracked 
| 211|0x000000008d300000, 0x000000008d300000, 0x000000008d400000|  0%| F|  |TAMS 0x000000008d300000, 0x000000008d300000| Untracked 
| 212|0x000000008d400000, 0x000000008d400000, 0x000000008d500000|  0%| F|  |TAMS 0x000000008d400000, 0x000000008d400000| Untracked 
| 213|0x000000008d500000, 0x000000008d500000, 0x000000008d600000|  0%| F|  |TAMS 0x000000008d500000, 0x000000008d500000| Untracked 
| 214|0x000000008d600000, 0x000000008d600000, 0x000000008d700000|  0%| F|  |TAMS 0x000000008d600000, 0x000000008d600000| Untracked 
| 215|0x000000008d700000, 0x000000008d700000, 0x000000008d800000|  0%| F|  |TAMS 0x000000008d700000, 0x000000008d700000| Untracked 
| 216|0x000000008d800000, 0x000000008d800000, 0x000000008d900000|  0%| F|  |TAMS 0x000000008d800000, 0x000000008d800000| Untracked 
| 217|0x000000008d900000, 0x000000008d900000, 0x000000008da00000|  0%| F|  |TAMS 0x000000008d900000, 0x000000008d900000| Untracked 
| 218|0x000000008da00000, 0x000000008da00000, 0x000000008db00000|  0%| F|  |TAMS 0x000000008da00000, 0x000000008da00000| Untracked 
| 219|0x000000008db00000, 0x000000008db00000, 0x000000008dc00000|  0%| F|  |TAMS 0x000000008db00000, 0x000000008db00000| Untracked 
| 220|0x000000008dc00000, 0x000000008dc00000, 0x000000008dd00000|  0%| F|  |TAMS 0x000000008dc00000, 0x000000008dc00000| Untracked 
| 221|0x000000008dd00000, 0x000000008dd00000, 0x000000008de00000|  0%| F|  |TAMS 0x000000008dd00000, 0x000000008dd00000| Untracked 
| 222|0x000000008de00000, 0x000000008de00000, 0x000000008df00000|  0%| F|  |TAMS 0x000000008de00000, 0x000000008de00000| Untracked 
| 223|0x000000008df00000, 0x000000008df00000, 0x000000008e000000|  0%| F|  |TAMS 0x000000008df00000, 0x000000008df00000| Untracked 
| 224|0x000000008e000000, 0x000000008e000000, 0x000000008e100000|  0%| F|  |TAMS 0x000000008e000000, 0x000000008e000000| Untracked 
| 225|0x000000008e100000, 0x000000008e100000, 0x000000008e200000|  0%| F|  |TAMS 0x000000008e100000, 0x000000008e100000| Untracked 
| 226|0x000000008e200000, 0x000000008e200000, 0x000000008e300000|  0%| F|  |TAMS 0x000000008e200000, 0x000000008e200000| Untracked 
| 227|0x000000008e300000, 0x000000008e300000, 0x000000008e400000|  0%| F|  |TAMS 0x000000008e300000, 0x000000008e300000| Untracked 
| 228|0x000000008e400000, 0x000000008e400000, 0x000000008e500000|  0%| F|  |TAMS 0x000000008e400000, 0x000000008e400000| Untracked 
| 229|0x000000008e500000, 0x000000008e500000, 0x000000008e600000|  0%| F|  |TAMS 0x000000008e500000, 0x000000008e500000| Untracked 
| 230|0x000000008e600000, 0x000000008e600000, 0x000000008e700000|  0%| F|  |TAMS 0x000000008e600000, 0x000000008e600000| Untracked 
| 231|0x000000008e700000, 0x000000008e700000, 0x000000008e800000|  0%| F|  |TAMS 0x000000008e700000, 0x000000008e700000| Untracked 
| 232|0x000000008e800000, 0x000000008e800000, 0x000000008e900000|  0%| F|  |TAMS 0x000000008e800000, 0x000000008e800000| Untracked 
| 233|0x000000008e900000, 0x000000008e900000, 0x000000008ea00000|  0%| F|  |TAMS 0x000000008e900000, 0x000000008e900000| Untracked 
| 234|0x000000008ea00000, 0x000000008ea00000, 0x000000008eb00000|  0%| F|  |TAMS 0x000000008ea00000, 0x000000008ea00000| Untracked 
| 235|0x000000008eb00000, 0x000000008eb00000, 0x000000008ec00000|  0%| F|  |TAMS 0x000000008eb00000, 0x000000008eb00000| Untracked 
| 236|0x000000008ec00000, 0x000000008ec00000, 0x000000008ed00000|  0%| F|  |TAMS 0x000000008ec00000, 0x000000008ec00000| Untracked 
| 237|0x000000008ed00000, 0x000000008ed00000, 0x000000008ee00000|  0%| F|  |TAMS 0x000000008ed00000, 0x000000008ed00000| Untracked 
| 238|0x000000008ee00000, 0x000000008ee00000, 0x000000008ef00000|  0%| F|  |TAMS 0x000000008ee00000, 0x000000008ee00000| Untracked 
| 239|0x000000008ef00000, 0x000000008ef00000, 0x000000008f000000|  0%| F|  |TAMS 0x000000008ef00000, 0x000000008ef00000| Untracked 
| 240|0x000000008f000000, 0x000000008f000000, 0x000000008f100000|  0%| F|  |TAMS 0x000000008f000000, 0x000000008f000000| Untracked 
| 241|0x000000008f100000, 0x000000008f100000, 0x000000008f200000|  0%| F|  |TAMS 0x000000008f100000, 0x000000008f100000| Untracked 
| 242|0x000000008f200000, 0x000000008f200000, 0x000000008f300000|  0%| F|  |TAMS 0x000000008f200000, 0x000000008f200000| Untracked 
| 243|0x000000008f300000, 0x000000008f300000, 0x000000008f400000|  0%| F|  |TAMS 0x000000008f300000, 0x000000008f300000| Untracked 
| 244|0x000000008f400000, 0x000000008f400000, 0x000000008f500000|  0%| F|  |TAMS 0x000000008f400000, 0x000000008f400000| Untracked 
| 245|0x000000008f500000, 0x000000008f500000, 0x000000008f600000|  0%| F|  |TAMS 0x000000008f500000, 0x000000008f500000| Untracked 
| 246|0x000000008f600000, 0x000000008f6808c8, 0x000000008f700000| 50%| E|  |TAMS 0x000000008f600000, 0x000000008f600000| Complete 
| 247|0x000000008f700000, 0x000000008f800000, 0x000000008f800000|100%| E|CS|TAMS 0x000000008f700000, 0x000000008f700000| Complete 
| 248|0x000000008f800000, 0x000000008f900000, 0x000000008f900000|100%| E|CS|TAMS 0x000000008f800000, 0x000000008f800000| Complete 
| 249|0x000000008f900000, 0x000000008fa00000, 0x000000008fa00000|100%| E|CS|TAMS 0x000000008f900000, 0x000000008f900000| Complete 
| 250|0x000000008fa00000, 0x000000008fb00000, 0x000000008fb00000|100%| E|CS|TAMS 0x000000008fa00000, 0x000000008fa00000| Complete 
| 251|0x000000008fb00000, 0x000000008fc00000, 0x000000008fc00000|100%| E|CS|TAMS 0x000000008fb00000, 0x000000008fb00000| Complete 
| 252|0x000000008fc00000, 0x000000008fd00000, 0x000000008fd00000|100%| E|CS|TAMS 0x000000008fc00000, 0x000000008fc00000| Complete 
| 253|0x000000008fd00000, 0x000000008fe00000, 0x000000008fe00000|100%| E|CS|TAMS 0x000000008fd00000, 0x000000008fd00000| Complete 

Card table byte_map: [0x000001c748b40000,0x000001c748f40000] _byte_map_base: 0x000001c748740000

Marking Bits (Prev, Next): (CMBitMap*) 0x000001c735956f20, (CMBitMap*) 0x000001c735956ee8
 Prev Bits: [0x000001c74b340000, 0x000001c74d340000)
 Next Bits: [0x000001c749340000, 0x000001c74b340000)

Polling page: 0x000001c7338b0000

Metaspace:

Usage:
  Non-class:     26.44 MB capacity,    26.03 MB ( 98%) used,   357.27 KB (  1%) free+waste,    61.38 KB ( <1%) overhead. 
      Class:      4.30 MB capacity,     4.04 MB ( 94%) used,   229.58 KB (  5%) free+waste,    30.88 KB ( <1%) overhead. 
       Both:     30.73 MB capacity,    30.07 MB ( 98%) used,   586.84 KB (  2%) free+waste,    92.25 KB ( <1%) overhead. 

Virtual space:
  Non-class space:       28.00 MB reserved,      26.67 MB ( 95%) committed 
      Class space:        1.00 GB reserved,       4.38 MB ( <1%) committed 
             Both:        1.03 GB reserved,      31.05 MB (  3%) committed 

Chunk freelists:
   Non-Class:  50.00 KB
       Class:  14.00 KB
        Both:  64.00 KB

MaxMetaspaceSize: 17179869184.00 GB
CompressedClassSpaceSize: 1.00 GB

CodeHeap 'non-profiled nmethods': size=120000Kb used=1164Kb max_used=1164Kb free=118835Kb
 bounds [0x000001c740ee0000, 0x000001c741150000, 0x000001c748410000]
CodeHeap 'profiled nmethods': size=120000Kb used=5062Kb max_used=5062Kb free=114937Kb
 bounds [0x000001c7399b0000, 0x000001c739eb0000, 0x000001c740ee0000]
CodeHeap 'non-nmethods': size=5760Kb used=1165Kb max_used=1185Kb free=4594Kb
 bounds [0x000001c739410000, 0x000001c739680000, 0x000001c7399b0000]
 total_blobs=2887 nmethods=2378 adapters=420
 compilation: enabled
              stopped_count=0, restarted_count=0
 full_count=0

Compilation events (20 events):
Event: 42.552 Thread 0x000001c750691800 2350       1       org.gradle.internal.event.DefaultListenerManager::access$100 (5 bytes)
Event: 42.552 Thread 0x000001c750691800 nmethod 2350 0x000001c741002190 code [0x000001c741002340, 0x000001c7410023d8]
Event: 42.554 Thread 0x000001c750642800 2353   !   4       java.net.URL::<init> (543 bytes)
Event: 42.577 Thread 0x000001c750691800 2354       3       org.gradle.internal.instantiation.generator.AbstractClassGenerator$DisabledAnnotationValidator::validateMethod (68 bytes)
Event: 42.577 Thread 0x000001c750691800 nmethod 2354 0x000001c739e8f490 code [0x000001c739e8f760, 0x000001c739e90188]
Event: 42.577 Thread 0x000001c750691800 2358       3       org.objectweb.asm.SymbolTable$Entry::<init> (17 bytes)
Event: 42.578 Thread 0x000001c750691800 nmethod 2358 0x000001c739e90590 code [0x000001c739e90740, 0x000001c739e908a8]
Event: 42.578 Thread 0x000001c750691800 2357       3       org.objectweb.asm.MethodWriter::visitVarInsn (302 bytes)
Event: 42.578 Thread 0x000001c750691800 nmethod 2357 0x000001c739e90990 code [0x000001c739e90c00, 0x000001c739e91608]
Event: 42.578 Thread 0x000001c750691800 2355       3       com.google.common.base.Preconditions::checkArgument (13 bytes)
Event: 42.579 Thread 0x000001c750691800 nmethod 2355 0x000001c739e91890 code [0x000001c739e91a60, 0x000001c739e91c28]
Event: 42.579 Thread 0x000001c750691800 2356       3       com.google.common.collect.Iterators::forArray (51 bytes)
Event: 42.579 Thread 0x000001c750691800 nmethod 2356 0x000001c739e91d10 code [0x000001c739e91fa0, 0x000001c739e92af8]
Event: 42.596 Thread 0x000001c750691800 2359       3       com.google.common.collect.RegularImmutableSet::iterator (8 bytes)
Event: 42.596 Thread 0x000001c750691800 nmethod 2359 0x000001c739e93010 code [0x000001c739e931e0, 0x000001c739e93388]
Event: 42.596 Thread 0x000001c750691800 2360       3       com.google.common.collect.Iterators::forArray (9 bytes)
Event: 42.596 Thread 0x000001c750691800 nmethod 2360 0x000001c739e93490 code [0x000001c739e93640, 0x000001c739e93768]
Event: 42.601 Thread 0x000001c750691800 2361       3       org.gradle.internal.reflect.MutableClassDetails::method (12 bytes)
Event: 42.601 Thread 0x000001c750691800 nmethod 2361 0x000001c739e93810 code [0x000001c739e939c0, 0x000001c739e93b88]
Event: 42.601 Thread 0x000001c750691800 2362       3       org.gradle.internal.reflect.MethodSet::add (50 bytes)

GC Heap History (8 events):
Event: 10.056 GC heap before
{Heap before GC invocations=0 (full 0):
 garbage-first heap   total 260096K, used 29696K [0x0000000080000000, 0x0000000100000000)
  region size 1024K, 24 young (24576K), 0 survivors (0K)
 Metaspace       used 10267K, capacity 10557K, committed 10624K, reserved 1058816K
  class space    used 1074K, capacity 1139K, committed 1152K, reserved 1048576K
}
Event: 10.084 GC heap after
{Heap after GC invocations=1 (full 0):
 garbage-first heap   total 260096K, used 9252K [0x0000000080000000, 0x0000000100000000)
  region size 1024K, 3 young (3072K), 3 survivors (3072K)
 Metaspace       used 10267K, capacity 10557K, committed 10624K, reserved 1058816K
  class space    used 1074K, capacity 1139K, committed 1152K, reserved 1048576K
}
Event: 12.487 GC heap before
{Heap before GC invocations=1 (full 0):
 garbage-first heap   total 260096K, used 25636K [0x0000000080000000, 0x0000000100000000)
  region size 1024K, 19 young (19456K), 3 survivors (3072K)
 Metaspace       used 11170K, capacity 11448K, committed 11520K, reserved 1058816K
  class space    used 1174K, capacity 1244K, committed 1280K, reserved 1048576K
}
Event: 12.489 GC heap after
{Heap after GC invocations=2 (full 0):
 garbage-first heap   total 260096K, used 9766K [0x0000000080000000, 0x0000000100000000)
  region size 1024K, 1 young (1024K), 1 survivors (1024K)
 Metaspace       used 11170K, capacity 11448K, committed 11520K, reserved 1058816K
  class space    used 1174K, capacity 1244K, committed 1280K, reserved 1048576K
}
Event: 34.456 GC heap before
{Heap before GC invocations=2 (full 0):
 garbage-first heap   total 260096K, used 58918K [0x0000000080000000, 0x0000000100000000)
  region size 1024K, 49 young (50176K), 1 survivors (1024K)
 Metaspace       used 17034K, capacity 17429K, committed 17536K, reserved 1064960K
  class space    used 1967K, capacity 2069K, committed 2176K, reserved 1048576K
}
Event: 34.461 GC heap after
{Heap after GC invocations=3 (full 0):
 garbage-first heap   total 260096K, used 15800K [0x0000000080000000, 0x0000000100000000)
  region size 1024K, 7 young (7168K), 7 survivors (7168K)
 Metaspace       used 17034K, capacity 17429K, committed 17536K, reserved 1064960K
  class space    used 1967K, capacity 2069K, committed 2176K, reserved 1048576K
}
Event: 35.067 GC heap before
{Heap before GC invocations=3 (full 0):
 garbage-first heap   total 260096K, used 47544K [0x0000000080000000, 0x0000000100000000)
  region size 1024K, 39 young (39936K), 7 survivors (7168K)
 Metaspace       used 20680K, capacity 21108K, committed 21296K, reserved 1069056K
  class space    used 2533K, capacity 2660K, committed 2688K, reserved 1048576K
}
Event: 35.077 GC heap after
{Heap after GC invocations=4 (full 0):
 garbage-first heap   total 260096K, used 16826K [0x0000000080000000, 0x0000000100000000)
  region size 1024K, 2 young (2048K), 2 survivors (2048K)
 Metaspace       used 20680K, capacity 21108K, committed 21296K, reserved 1069056K
  class space    used 2533K, capacity 2660K, committed 2688K, reserved 1048576K
}

Deoptimization events (20 events):
Event: 37.992 Thread 0x000001c751839800 Uncommon trap: trap_request=0xffffffcc fr.pc=0x000001c740fe4af8 relative=0x00000000000002b8
Event: 37.992 Thread 0x000001c751839800 Uncommon trap: reason=intrinsic_or_type_checked_inlining action=make_not_entrant pc=0x000001c740fe4af8 method=java.util.Arrays.copyOf([Ljava/lang/Object;ILjava/lang/Class;)[Ljava/lang/Object; @ 35 c2
Event: 37.992 Thread 0x000001c751839800 DEOPT PACKING pc=0x000001c740fe4af8 sp=0x000000b44d0fbaa0
Event: 37.992 Thread 0x000001c751839800 DEOPT UNPACKING pc=0x000001c73943662f sp=0x000000b44d0fba30 mode 2
Event: 41.540 Thread 0x000001c751839800 Uncommon trap: trap_request=0xffffff7e fr.pc=0x000001c740fef31c relative=0x000000000000015c
Event: 41.540 Thread 0x000001c751839800 Uncommon trap: reason=predicate action=maybe_recompile pc=0x000001c740fef31c method=com.google.common.base.CharMatcher.indexIn(Ljava/lang/CharSequence;I)I @ 19 c2
Event: 41.540 Thread 0x000001c751839800 DEOPT PACKING pc=0x000001c740fef31c sp=0x000000b44d0fb6c0
Event: 41.540 Thread 0x000001c751839800 DEOPT UNPACKING pc=0x000001c73943662f sp=0x000000b44d0fb650 mode 2
Event: 41.679 Thread 0x000001c751839800 Uncommon trap: trap_request=0xffffff4d fr.pc=0x000001c740f8683c relative=0x000000000000137c
Event: 41.679 Thread 0x000001c751839800 Uncommon trap: reason=unstable_if action=reinterpret pc=0x000001c740f8683c method=java.util.concurrent.ConcurrentHashMap.putVal(Ljava/lang/Object;Ljava/lang/Object;Z)Ljava/lang/Object; @ 231 c2
Event: 41.679 Thread 0x000001c751839800 DEOPT PACKING pc=0x000001c740f8683c sp=0x000000b44d0fc790
Event: 41.679 Thread 0x000001c751839800 DEOPT UNPACKING pc=0x000001c73943662f sp=0x000000b44d0fc710 mode 2
Event: 41.775 Thread 0x000001c751839800 Uncommon trap: trap_request=0xffffffde fr.pc=0x000001c740fec05c relative=0x000000000000031c
Event: 41.775 Thread 0x000001c751839800 Uncommon trap: reason=class_check action=maybe_recompile pc=0x000001c740fec05c method=java.util.Collections$SetFromMap.remove(Ljava/lang/Object;)Z @ 5 c2
Event: 41.775 Thread 0x000001c751839800 DEOPT PACKING pc=0x000001c740fec05c sp=0x000000b44d0fc780
Event: 41.775 Thread 0x000001c751839800 DEOPT UNPACKING pc=0x000001c73943662f sp=0x000000b44d0fc768 mode 2
Event: 41.775 Thread 0x000001c751839800 Uncommon trap: trap_request=0xffffffde fr.pc=0x000001c740fec05c relative=0x000000000000031c
Event: 41.775 Thread 0x000001c751839800 Uncommon trap: reason=class_check action=maybe_recompile pc=0x000001c740fec05c method=java.util.Collections$SetFromMap.remove(Ljava/lang/Object;)Z @ 5 c2
Event: 41.775 Thread 0x000001c751839800 DEOPT PACKING pc=0x000001c740fec05c sp=0x000000b44d0fc710
Event: 41.775 Thread 0x000001c751839800 DEOPT UNPACKING pc=0x000001c73943662f sp=0x000000b44d0fc6f8 mode 2

Classes redefined (0 events):
No events

Internal exceptions (20 events):
Event: 35.166 Thread 0x000001c751839800 Exception <a 'java/lang/NoSuchMethodError'{0x000000008fb4a040}: 'int java.lang.invoke.DirectMethodHandle$Holder.invokeSpecialIFC(java.lang.Object, java.lang.Object, java.lang.Object, java.lang.Object)'> (0x000000008fb4a040) thrown at [./src/hotspot/share/interpreter/linkResolver.cpp, line 773]
Event: 35.168 Thread 0x000001c751839800 Exception <a 'java/lang/NoSuchMethodError'{0x000000008fb58028}: 'java.lang.Object java.lang.invoke.DirectMethodHandle$Holder.invokeInterface(java.lang.Object, java.lang.Object, java.lang.Object)'> (0x000000008fb58028) thrown at [./src/hotspot/share/interpreter/linkResolver.cpp, line 773]
Event: 35.168 Thread 0x000001c751839800 Exception <a 'java/lang/IncompatibleClassChangeError'{0x000000008fb5b500}: Found class java.lang.Object, but interface was expected> (0x000000008fb5b500) thrown at [./src/hotspot/share/interpreter/linkResolver.cpp, line 839]
Event: 35.259 Thread 0x000001c751839800 Exception <a 'java/lang/NoSuchMethodError'{0x000000008f96e478}: 'void java.lang.invoke.DirectMethodHandle$Holder.invokeStatic(java.lang.Object, java.lang.Object, java.lang.Object, java.lang.Object, java.lang.Object)'> (0x000000008f96e478) thrown at [./src/hotspot/share/interpreter/linkResolver.cpp, line 773]
Event: 35.461 Thread 0x000001c751839800 Exception <a 'java/lang/NoSuchMethodError'{0x000000008f248170}: 'java.lang.Object java.lang.invoke.DirectMethodHandle$Holder.invokeSpecial(java.lang.Object, java.lang.Object, java.lang.Object, java.lang.Object, java.lang.Object, java.lang.Object, java.lang.Object, java.lang.Object, java.lang.Object)'> (0x000000008f248170) thrown at [./src/hotspot/share/interpreter/linkResolver.cpp, line 773]
Event: 35.556 Thread 0x000001c751839800 Exception <a 'java/lang/NoSuchMethodError'{0x000000008e9d04c0}: 'java.lang.Object java.lang.invoke.DirectMethodHandle$Holder.invokeVirtual(java.lang.Object, java.lang.Object, java.lang.Object, java.lang.Object)'> (0x000000008e9d04c0) thrown at [./src/hotspot/share/interpreter/linkResolver.cpp, line 773]
Event: 36.031 Thread 0x000001c751839800 Exception <a 'java/lang/NoSuchMethodError'{0x000000008e277500}: 'void java.lang.invoke.DirectMethodHandle$Holder.invokeSpecial(java.lang.Object, java.lang.Object, java.lang.Object, java.lang.Object, java.lang.Object, java.lang.Object)'> (0x000000008e277500) thrown at [./src/hotspot/share/interpreter/linkResolver.cpp, line 773]
Event: 36.062 Thread 0x000001c751839800 Exception <a 'java/lang/NoSuchMethodError'{0x000000008e2e6490}: 'void java.lang.invoke.DirectMethodHandle$Holder.invokeSpecial(java.lang.Object, java.lang.Object, java.lang.Object, java.lang.Object, java.lang.Object, java.lang.Object, java.lang.Object)'> (0x000000008e2e6490) thrown at [./src/hotspot/share/interpreter/linkResolver.cpp, line 773]
Event: 36.063 Thread 0x000001c751839800 Exception <a 'java/lang/NoSuchMethodError'{0x000000008e2ee980}: 'java.lang.Object java.lang.invoke.Invokers$Holder.linkToTargetMethod(java.lang.Object, java.lang.Object, java.lang.Object, java.lang.Object, java.lang.Object, java.lang.Object)'> (0x000000008e2ee980) thrown at [./src/hotspot/share/interpreter/linkResolver.cpp, line 773]
Event: 37.957 Thread 0x000001c751839800 Exception <a 'java/lang/NoSuchMethodError'{0x000000008d669528}: 'int java.lang.invoke.DirectMethodHandle$Holder.invokeStaticInit(java.lang.Object, java.lang.Object, java.lang.Object)'> (0x000000008d669528) thrown at [./src/hotspot/share/interpreter/linkResolver.cpp, line 773]
Event: 40.312 Thread 0x000001c751839800 Exception <a 'java/lang/NoSuchMethodError'{0x000000008d198808}: 'void java.lang.invoke.DirectMethodHandle$Holder.invokeStaticInit(java.lang.Object, java.lang.Object)'> (0x000000008d198808) thrown at [./src/hotspot/share/interpreter/linkResolver.cpp, line 773]
Event: 41.741 Thread 0x000001c751839800 Exception <a 'java/lang/NoSuchMethodError'{0x000000008cb18b78}: 'void java.lang.invoke.DirectMethodHandle$Holder.invokeStatic(java.lang.Object, java.lang.Object, java.lang.Object, java.lang.Object)'> (0x000000008cb18b78) thrown at [./src/hotspot/share/interpreter/linkResolver.cpp, line 773]
Event: 41.743 Thread 0x000001c751839800 Exception <a 'java/lang/NoSuchMethodError'{0x000000008cb2c5d8}: 'int java.lang.invoke.DirectMethodHandle$Holder.invokeInterface(java.lang.Object, java.lang.Object)'> (0x000000008cb2c5d8) thrown at [./src/hotspot/share/interpreter/linkResolver.cpp, line 773]
Event: 42.401 Thread 0x000001c751839800 Exception <a 'java/lang/NoSuchMethodError'{0x000000008c0038f8}: 'java.lang.Object java.lang.invoke.DirectMethodHandle$Holder.invokeSpecialIFC(java.lang.Object, java.lang.Object, java.lang.Object, java.lang.Object)'> (0x000000008c0038f8) thrown at [./src/hotspot/share/interpreter/linkResolver.cpp, line 773]
Event: 42.410 Thread 0x000001c751839800 Exception <a 'java/lang/NoSuchMethodError'{0x000000008c0e1308}: 'java.lang.Object java.lang.invoke.DirectMethodHandle$Holder.invokeSpecial(java.lang.Object, java.lang.Object, java.lang.Object, java.lang.Object, java.lang.Object, java.lang.Object, java.lang.Object, java.lang.Object, java.lang.Object, java.lang.Object, java.lang.Object, java.lang.Object, java.lang.Object)'> (0x000000008c0e1308) thrown at [./src/hotspot/share/interpreter/linkResolver.cpp, line 773]
Event: 42.410 Thread 0x000001c751839800 Exception <a 'java/lang/NoSuchMethodError'{0x000000008c0f23b0}: 'java.lang.Object java.lang.invoke.DirectMethodHandle$Holder.invokeSpecial(java.lang.Object, java.lang.Object, java.lang.Object, java.lang.Object, java.lang.Object, java.lang.Object, java.lang.Object, java.lang.Object, java.lang.Object, java.lang.Object, java.lang.Object, java.lang.Object)'> (0x000000008c0f23b0) thrown at [./src/hotspot/share/interpreter/linkResolver.cpp, line 773]
Event: 42.411 Thread 0x000001c751839800 Exception <a 'java/lang/NoSuchMethodError'{0x000000008c0f74d8}: 'java.lang.Object java.lang.invoke.Invokers$Holder.linkToTargetMethod(java.lang.Object, java.lang.Object, java.lang.Object, java.lang.Object, java.lang.Object, java.lang.Object, java.lang.Object, java.lang.Object, java.lang.Object, java.lang.Object, java.lang.Object)'> (0x000000008c0f74d8) thrown at [./src/hotspot/share/interpreter/linkResolver.cpp, line 773]
Event: 42.425 Thread 0x000001c751839800 Exception <a 'java/lang/NoSuchMethodError'{0x000000008be38028}: 'java.lang.Object java.lang.invoke.DirectMethodHandle$Holder.invokeSpecial(java.lang.Object, java.lang.Object, java.lang.Object, java.lang.Object, java.lang.Object, java.lang.Object, java.lang.Object, java.lang.Object, java.lang.Object, java.lang.Object, java.lang.Object, java.lang.Object, java.lang.Object, java.lang.Object)'> (0x000000008be38028) thrown at [./src/hotspot/share/interpreter/linkResolver.cpp, line 773]
Event: 42.426 Thread 0x000001c751839800 Exception <a 'java/lang/NoSuchMethodError'{0x000000008be496a0}: 'java.lang.Object java.lang.invoke.Invokers$Holder.linkToTargetMethod(java.lang.Object, java.lang.Object, java.lang.Object, java.lang.Object, java.lang.Object, java.lang.Object, java.lang.Object, java.lang.Object, java.lang.Object, java.lang.Object, java.lang.Object, java.lang.Object)'> (0x000000008be496a0) thrown at [./src/hotspot/share/interpreter/linkResolver.cpp, line 773]
Event: 42.438 Thread 0x000001c751839800 Exception <a 'java/lang/NoSuchMethodError'{0x000000008bed9218}: 'java.lang.Object java.lang.invoke.DirectMethodHandle$Holder.invokeStaticInit(java.lang.Object, java.lang.Object, java.lang.Object, java.lang.Object)'> (0x000000008bed9218) thrown at [./src/hotspot/share/interpreter/linkResolver.cpp, line 773]

Events (20 events):
Event: 42.599 loading class org/gradle/api/artifacts/UnknownRepositoryException
Event: 42.599 loading class org/gradle/api/artifacts/UnknownRepositoryException done
Event: 42.600 loading class org/gradle/api/artifacts/repositories/RepositoryContentDescriptor
Event: 42.600 loading class org/gradle/api/artifacts/repositories/RepositoryContentDescriptor done
Event: 42.600 loading class org/gradle/api/artifacts/repositories/InclusiveRepositoryContentDescriptor
Event: 42.600 loading class org/gradle/api/artifacts/repositories/InclusiveRepositoryContentDescriptor done
Event: 42.600 loading class org/gradle/api/artifacts/repositories/MavenArtifactRepository
Event: 42.600 loading class org/gradle/api/artifacts/repositories/MavenArtifactRepository done
Event: 42.600 loading class org/gradle/api/artifacts/repositories/UrlArtifactRepository
Event: 42.600 loading class org/gradle/api/artifacts/repositories/UrlArtifactRepository done
Event: 42.600 loading class org/gradle/api/artifacts/repositories/AuthenticationSupported
Event: 42.600 loading class org/gradle/api/artifacts/repositories/AuthenticationSupported done
Event: 42.600 loading class org/gradle/api/artifacts/repositories/MetadataSupplierAware
Event: 42.600 loading class org/gradle/api/artifacts/repositories/MetadataSupplierAware done
Event: 42.601 loading class org/gradle/api/artifacts/repositories/FlatDirectoryArtifactRepository
Event: 42.601 loading class org/gradle/api/artifacts/repositories/FlatDirectoryArtifactRepository done
Event: 42.601 loading class org/gradle/api/artifacts/repositories/IvyArtifactRepository
Event: 42.601 loading class org/gradle/api/artifacts/repositories/IvyArtifactRepository done
Event: 42.601 loading class org/gradle/api/internal/collections/CollectionFilter
Event: 42.601 loading class org/gradle/api/internal/collections/CollectionFilter done


Dynamic libraries:
0x00007ff61e5a0000 - 0x00007ff61e5aa000 	C:\Program Files\Android\Android Studio\jre\bin\java.exe
0x00007ff85b730000 - 0x00007ff85b925000 	C:\WINDOWS\SYSTEM32\ntdll.dll
0x00007ff818fc0000 - 0x00007ff818fd6000 	C:\Program Files\Avast Software\Avast\aswhook.dll
0x00007ff859ab0000 - 0x00007ff859b6d000 	C:\WINDOWS\System32\KERNEL32.DLL
0x00007ff859220000 - 0x00007ff8594ed000 	C:\WINDOWS\System32\KERNELBASE.dll
0x00007ff858fe0000 - 0x00007ff8590e0000 	C:\WINDOWS\System32\ucrtbase.dll
0x00007ff841d60000 - 0x00007ff841d77000 	C:\Program Files\Android\Android Studio\jre\bin\VCRUNTIME140.dll
0x00007ff841d00000 - 0x00007ff841d19000 	C:\Program Files\Android\Android Studio\jre\bin\jli.dll
0x00007ff85a8a0000 - 0x00007ff85aa40000 	C:\WINDOWS\System32\USER32.dll
0x00007ff840b90000 - 0x00007ff840e2a000 	C:\WINDOWS\WinSxS\amd64_microsoft.windows.common-controls_6595b64144ccf1df_6.0.19041.1110_none_60b5254171f9507e\COMCTL32.dll
0x00007ff859540000 - 0x00007ff859562000 	C:\WINDOWS\System32\win32u.dll
0x00007ff8598d0000 - 0x00007ff85996e000 	C:\WINDOWS\System32\msvcrt.dll
0x00007ff85ad30000 - 0x00007ff85ad5a000 	C:\WINDOWS\System32\GDI32.dll
0x00007ff8590e0000 - 0x00007ff8591eb000 	C:\WINDOWS\System32\gdi32full.dll
0x00007ff858eb0000 - 0x00007ff858f4d000 	C:\WINDOWS\System32\msvcp_win.dll
0x00007ff85a680000 - 0x00007ff85a6b0000 	C:\WINDOWS\System32\IMM32.DLL
0x00007ff839b50000 - 0x00007ff839bed000 	C:\Program Files\Android\Android Studio\jre\bin\msvcp140.dll
0x00007fffb7ee0000 - 0x00007fffb89b5000 	C:\Program Files\Android\Android Studio\jre\bin\server\jvm.dll
0x00007ff85ac80000 - 0x00007ff85ad2e000 	C:\WINDOWS\System32\ADVAPI32.dll
0x00007ff859ff0000 - 0x00007ff85a08c000 	C:\WINDOWS\System32\sechost.dll
0x00007ff85a550000 - 0x00007ff85a675000 	C:\WINDOWS\System32\RPCRT4.dll
0x00007ff85ad60000 - 0x00007ff85ad68000 	C:\WINDOWS\System32\PSAPI.DLL
0x00007ff843780000 - 0x00007ff8437a7000 	C:\WINDOWS\SYSTEM32\WINMM.dll
0x00007ff84e380000 - 0x00007ff84e38a000 	C:\WINDOWS\SYSTEM32\VERSION.dll
0x00007ff842e00000 - 0x00007ff842e09000 	C:\WINDOWS\SYSTEM32\WSOCK32.dll
0x00007ff85a6b0000 - 0x00007ff85a71b000 	C:\WINDOWS\System32\WS2_32.dll
0x00007ff8576c0000 - 0x00007ff8576d2000 	C:\WINDOWS\SYSTEM32\kernel.appcore.dll
0x00007ff83cba0000 - 0x00007ff83cbb1000 	C:\Program Files\Android\Android Studio\jre\bin\verify.dll
0x00007ff856c50000 - 0x00007ff856e34000 	C:\WINDOWS\SYSTEM32\DBGHELP.DLL
0x00007ff847760000 - 0x00007ff84778c000 	C:\WINDOWS\SYSTEM32\dbgcore.DLL
0x00007ff858f50000 - 0x00007ff858fd2000 	C:\WINDOWS\System32\bcryptPrimitives.dll
0x00007ff83c790000 - 0x00007ff83c7b9000 	C:\Program Files\Android\Android Studio\jre\bin\java.dll
0x00007ff850280000 - 0x00007ff85028b000 	C:\Program Files\Android\Android Studio\jre\bin\jimage.dll
0x00007ff83c370000 - 0x00007ff83c388000 	C:\Program Files\Android\Android Studio\jre\bin\zip.dll
0x00007ff85ad70000 - 0x00007ff85b4b4000 	C:\WINDOWS\System32\SHELL32.dll
0x00007ff856f20000 - 0x00007ff8576b4000 	C:\WINDOWS\SYSTEM32\windows.storage.dll
0x00007ff85a090000 - 0x00007ff85a3e4000 	C:\WINDOWS\System32\combase.dll
0x00007ff8588a0000 - 0x00007ff8588cc000 	C:\WINDOWS\SYSTEM32\Wldp.dll
0x00007ff85a790000 - 0x00007ff85a83d000 	C:\WINDOWS\System32\SHCORE.dll
0x00007ff85a840000 - 0x00007ff85a895000 	C:\WINDOWS\System32\shlwapi.dll
0x00007ff858d80000 - 0x00007ff858d9f000 	C:\WINDOWS\SYSTEM32\profapi.dll
0x00007ff83c350000 - 0x00007ff83c36a000 	C:\Program Files\Android\Android Studio\jre\bin\net.dll
0x00007ff84a4e0000 - 0x00007ff84a5ea000 	C:\WINDOWS\SYSTEM32\WINHTTP.dll
0x00007ff858600000 - 0x00007ff85866a000 	C:\WINDOWS\system32\mswsock.dll
0x00007ff83c330000 - 0x00007ff83c344000 	C:\Program Files\Android\Android Studio\jre\bin\nio.dll
0x00007ff818f90000 - 0x00007ff818fb7000 	C:\Users\User\.gradle\native\e1d6ef7f7dcc3fd88c89a11ec53ec762bb8ba0a96d01ffa2cd45eb1d1d8dd5c5\windows-amd64\native-platform.dll
0x00007ffffb8f0000 - 0x00007ffffba34000 	C:\Users\User\.gradle\native\5664cfc778a61ccfe75a443a1ab52a65af34e5dc3c78e0209fed803814484fcb\windows-amd64\native-platform-file-events.dll
0x00007ff83cbf0000 - 0x00007ff83cbfa000 	C:\Program Files\Android\Android Studio\jre\bin\management.dll
0x00007ff83c6f0000 - 0x00007ff83c6fd000 	C:\Program Files\Android\Android Studio\jre\bin\management_ext.dll
0x00007ff8587f0000 - 0x00007ff858808000 	C:\WINDOWS\SYSTEM32\CRYPTSP.dll
0x00007ff857f10000 - 0x00007ff857f44000 	C:\WINDOWS\system32\rsaenh.dll
0x00007ff8591f0000 - 0x00007ff859217000 	C:\WINDOWS\System32\bcrypt.dll
0x00007ff858d40000 - 0x00007ff858d6e000 	C:\WINDOWS\SYSTEM32\USERENV.dll
0x00007ff858810000 - 0x00007ff85881c000 	C:\WINDOWS\SYSTEM32\CRYPTBASE.dll
0x00007ff8582a0000 - 0x00007ff8582db000 	C:\WINDOWS\SYSTEM32\IPHLPAPI.DLL
0x00007ff8597e0000 - 0x00007ff8597e8000 	C:\WINDOWS\System32\NSI.dll
0x00007ff84d3b0000 - 0x00007ff84d3c7000 	C:\WINDOWS\SYSTEM32\dhcpcsvc6.DLL
0x00007ff84d330000 - 0x00007ff84d34d000 	C:\WINDOWS\SYSTEM32\dhcpcsvc.DLL
0x00007ff8582e0000 - 0x00007ff8583ab000 	C:\WINDOWS\SYSTEM32\DNSAPI.dll

dbghelp: loaded successfully - version: 4.0.5 - missing functions: none
symbol engine: initialized successfully - sym options: 0x614 - pdb path: .;C:\Program Files\Android\Android Studio\jre\bin;C:\WINDOWS\SYSTEM32;C:\Program Files\Avast Software\Avast;C:\WINDOWS\WinSxS\amd64_microsoft.windows.common-controls_6595b64144ccf1df_6.0.19041.1110_none_60b5254171f9507e;C:\Program Files\Android\Android Studio\jre\bin\server;C:\Users\User\.gradle\native\e1d6ef7f7dcc3fd88c89a11ec53ec762bb8ba0a96d01ffa2cd45eb1d1d8dd5c5\windows-amd64;C:\Users\User\.gradle\native\5664cfc778a61ccfe75a443a1ab52a65af34e5dc3c78e0209fed803814484fcb\windows-amd64

VM Arguments:
jvm_args: --add-opens=java.base/java.util=ALL-UNNAMED --add-opens=java.base/java.lang=ALL-UNNAMED --add-opens=java.base/java.lang.invoke=ALL-UNNAMED --add-opens=java.base/java.util=ALL-UNNAMED --add-opens=java.prefs/java.util.prefs=ALL-UNNAMED --add-opens=java.prefs/java.util.prefs=ALL-UNNAMED --add-opens=java.base/java.nio.charset=ALL-UNNAMED --add-opens=java.base/java.net=ALL-UNNAMED --add-opens=java.base/java.util.concurrent.atomic=ALL-UNNAMED -Xmx2048m -Dfile.encoding=UTF-8 -Duser.country=RU -Duser.language=ru -Duser.variant 
java_command: org.gradle.launcher.daemon.bootstrap.GradleDaemon 7.2
java_class_path (initial): C:\Users\User\.gradle\wrapper\dists\gradle-7.2-bin\2dnblmf4td7x66yl1d74lt32g\gradle-7.2\lib\gradle-launcher-7.2.jar
Launcher Type: SUN_STANDARD

[Global flags]
     intx CICompilerCount                          = 4                                         {product} {ergonomic}
     uint ConcGCThreads                            = 2                                         {product} {ergonomic}
     uint G1ConcRefinementThreads                  = 8                                         {product} {ergonomic}
   size_t G1HeapRegionSize                         = 1048576                                   {product} {ergonomic}
    uintx GCDrainStackTargetSize                   = 64                                        {product} {ergonomic}
   size_t InitialHeapSize                          = 266338304                                 {product} {ergonomic}
   size_t MarkStackSize                            = 4194304                                   {product} {ergonomic}
   size_t MaxHeapSize                              = 2147483648                                {product} {command line}
   size_t MaxNewSize                               = 1287651328                                {product} {ergonomic}
   size_t MinHeapDeltaBytes                        = 1048576                                   {product} {ergonomic}
    uintx NonNMethodCodeHeapSize                   = 5836300                                {pd product} {ergonomic}
    uintx NonProfiledCodeHeapSize                  = 122910970                              {pd product} {ergonomic}
    uintx ProfiledCodeHeapSize                     = 122910970                              {pd product} {ergonomic}
    uintx ReservedCodeCacheSize                    = 251658240                              {pd product} {ergonomic}
     bool SegmentedCodeCache                       = true                                      {product} {ergonomic}
     bool UseCompressedClassPointers               = true                                 {lp64_product} {ergonomic}
     bool UseCompressedOops                        = true                                 {lp64_product} {ergonomic}
     bool UseG1GC                                  = true                                      {product} {ergonomic}
     bool UseLargePagesIndividualAllocation        = false                                  {pd product} {ergonomic}

Logging:
Log output configuration:
 #0: stdout all=warning uptime,level,tags
 #1: stderr all=off uptime,level,tags

Environment Variables:
PATH=C:\Windows\system32;C:\Windows;C:\Windows\System32\Wbem;C:\Windows\System32\WindowsPowerShell\v1.0\;C:\Windows\System32\OpenSSH\;C:\Program Files (x86)\NVIDIA Corporation\PhysX\Common;C:\Program Files\NVIDIA Corporation\NVIDIA NvDLISR;C:\Program Files\Intel\WiFi\bin\;C:\Program Files\Common Files\Intel\WirelessCommon\;C:\Program Files\dotnet\;C:\Program Files\Microsoft SQL Server\130\Tools\Binn\;C:\WINDOWS\system32;C:\WINDOWS;C:\WINDOWS\System32\Wbem;C:\WINDOWS\System32\WindowsPowerShell\v1.0\;C:\WINDOWS\System32\OpenSSH\;C:\Program Files\TortoiseSVN\bin;C:\Program Files\Microsoft SQL Server\Client SDK\ODBC\170\Tools\Binn\;C:\Program Files (x86)\Microsoft SQL Server\150\Tools\Binn\;C:\Program Files\Microsoft SQL Server\150\Tools\Binn\;C:\Program Files\Microsoft SQL Server\150\DTS\Binn\;C:\Program Files (x86)\Microsoft SQL Server\150\DTS\Binn\;C:\Program Files\nodejs\;C:\Program Files\CMake\bin;C:\opencv\build\bin;C:\opencv\build\x64\vc15\bin;C:\Program Files\Git\cmd;D:\Games\anaconda;C:\Users\User\AppData\Local\Programs\Python\Python38-32\Scripts\;C:\Users\User\AppData\Local\Programs\Python\Python38-32\;C:\Users\User\AppData\Local\Microsoft\WindowsApps;C:\Users\User\.dotnet\tools;D:\Microsoft VS Code\bin;C:\Users\User\AppData\Roaming\npm;C:\opencv\build\x64\vc15\bin;C:\opencv\build\bin;
USERNAME=User
OS=Windows_NT
PROCESSOR_IDENTIFIER=Intel64 Family 6 Model 142 Stepping 11, GenuineIntel



---------------  S Y S T E M  ---------------

OS: Windows 10 , 64 bit Build 19041 (10.0.19041.1706)
OS uptime: 13 days 8:15 hours

CPU:total 8 (initial active 8) (4 cores per cpu, 2 threads per core) family 6 model 142 stepping 11 microcode 0xae, cmov, cx8, fxsr, mmx, sse, sse2, sse3, ssse3, sse4.1, sse4.2, popcnt, avx, avx2, aes, clmul, erms, 3dnowpref, lzcnt, ht, tsc, tscinvbit, bmi1, bmi2, adx, fma

Memory: 4k page, system-wide physical 16203M (78M free)
TotalPageFile size 37163M (AvailPageFile size 1M)
current process WorkingSet (physical memory assigned to process): 220M, peak: 220M
current process commit charge ("private bytes"): 403M, peak: 408M

vm_info: OpenJDK 64-Bit Server VM (11.0.11+9-b60-7590822) for windows-amd64 JRE (11.0.11+9-b60-7590822), built on Jul 29 2021 21:43:44 by "builder" with MS VC++ 14.0 (VS2015)

END.
